Tue Aug 29 2023 19:28:49 } [PH] error: 🐱‍🏍 globalErrorHandler ~~ 
Invalid `prisma.faculty.update()` invocation:

{
  where: {
    id: "f2a43467-f43d-40fa-bfc0-b704a6ea58ff"
  },
  data: {
    facultyId: "FC09878",
    firstName: "Rahul",
    lastNam: "Ghosh",
    ~~~~~~~
?   id?: String | StringFieldUpdateOperationsInput,
?   lastName?: String | StringFieldUpdateOperationsInput,
?   middleName?: String | StringFieldUpdateOperationsInput,
?   profileImage?: String | StringFieldUpdateOperationsInput,
?   email?: String | StringFieldUpdateOperationsInput,
?   contactNo?: String | StringFieldUpdateOperationsInput,
?   gender?: String | StringFieldUpdateOperationsInput,
?   bloodGroup?: String | StringFieldUpdateOperationsInput,
?   designation?: String | StringFieldUpdateOperationsInput,
?   createdAt?: DateTime | DateTimeFieldUpdateOperationsInput,
?   updatedAt?: DateTime | DateTimeFieldUpdateOperationsInput,
?   academicDepartment?: AcademicDepartmentUpdateOneRequiredWithoutFacultiesNestedInput,
?   academicFaculty?: AcademicFacultyUpdateOneRequiredWithoutFacultiesNestedInput
  },
  include: {
    academicDepartment: true,
    academicFaculty: true
  }
}

Unknown argument `lastNam`. Did you mean `lastName`? Available options are listed in green.
Tue Aug 29 2023 19:29:37 } [PH] error: 🐱‍🏍 globalErrorHandler ~~ [
  {
    "code": "invalid_type",
    "expected": "string",
    "received": "undefined",
    "path": [
      "body",
      "facultyId"
    ],
    "message": "Student id is required"
  }
]
